-- -*- M2-comint -*- hash: 740612426

i1 : T=(tabFromPar(makePar{{2,1},{},{1},{}},NST=>true,Entries=>{{0,1,2},{},{3},{}})) # 0

o1 = {| 0 1 |, -, | 3 |, -}
      | 2 |

o1 : mTableaux

i2 : F=HSP(QQ[x1,x2,x3,x4],4,1)

o2 = Higher Specht Polynomials over G(4,1,4) of type F

o2 : HigherSpechtPolynomial

i3 : F^T

o3 = ({{| 0 2 |, -, | 3 |, -}, {| 0 1 |, -, | 3 |, -}, {| 0 3 |, -, | 2 |,
        | 1 |                   | 2 |                   | 1 |             
     ------------------------------------------------------------------------
     -}, {| 0 3 |, -, | 1 |, -}, {| 1 3 |, -, | 0 |, -}, {| 0 1 |, -, | 2 |,
          | 2 |                   | 2 |                   | 3 |             
     ------------------------------------------------------------------------
     -}, {| 0 2 |, -, | 1 |, -}, {| 1 2 |, -, | 0 |, -}}, {- 2x1*x4 + 2x2*x4,
          | 3 |                   | 3 |
     ------------------------------------------------------------------------
     - 2x1*x4 + 2x3*x4, - 2x1*x3 + 2x2*x3, - 2x1*x2 + 2x2*x3, - 2x1*x2 +
     ------------------------------------------------------------------------
     2x1*x3, - 2x1*x3 + 2x3*x4, - 2x1*x2 + 2x2*x4, - 2x1*x2 + 2x1*x4})

o3 : Sequence

i4 : 
