-- -*- M2-comint -*- hash: -458207911

i1 : allWords {5,0,2}

o1 = {{{0, 1, 2, 3, 4}, {}, {5, 6}}, {{0, 1, 2, 3, 5}, {}, {4, 6}}, {{0, 1,
     ------------------------------------------------------------------------
     2, 4, 5}, {}, {3, 6}}, {{0, 1, 3, 4, 5}, {}, {2, 6}}, {{0, 2, 3, 4, 5},
     ------------------------------------------------------------------------
     {}, {1, 6}}, {{1, 2, 3, 4, 5}, {}, {0, 6}}, {{0, 1, 2, 3, 6}, {}, {4,
     ------------------------------------------------------------------------
     5}}, {{0, 1, 2, 4, 6}, {}, {3, 5}}, {{0, 1, 3, 4, 6}, {}, {2, 5}}, {{0,
     ------------------------------------------------------------------------
     2, 3, 4, 6}, {}, {1, 5}}, {{1, 2, 3, 4, 6}, {}, {0, 5}}, {{0, 1, 2, 5,
     ------------------------------------------------------------------------
     6}, {}, {3, 4}}, {{0, 1, 3, 5, 6}, {}, {2, 4}}, {{0, 2, 3, 5, 6}, {},
     ------------------------------------------------------------------------
     {1, 4}}, {{1, 2, 3, 5, 6}, {}, {0, 4}}, {{0, 1, 4, 5, 6}, {}, {2, 3}},
     ------------------------------------------------------------------------
     {{0, 2, 4, 5, 6}, {}, {1, 3}}, {{1, 2, 4, 5, 6}, {}, {0, 3}}, {{0, 3, 4,
     ------------------------------------------------------------------------
     5, 6}, {}, {1, 2}}, {{1, 3, 4, 5, 6}, {}, {0, 2}}, {{2, 3, 4, 5, 6}, {},
     ------------------------------------------------------------------------
     {0, 1}}}

o1 : List

i2 : 
