-- -*- M2-comint -*- hash: 1029007365

i1 : P1=(tabFromPar(makePar{{3,2},{},{2}},Entries=>{{0,1,2,3,4},{},{5,6}})) # 0

o1 = {| 0 1 2 |, -, | 5 6 |}
      | 3 4 |

o1 : mTableaux

i2 : P2=(tabFromPar(makePar{{3,2},{},{2}},Entries=>{{0,1,2,3,4},{},{5,6}})) # 1

o2 = {| 0 1 3 |, -, | 5 6 |}
      | 2 4 |

o2 : mTableaux

i3 : P3=(tabFromPar(makePar{{3,2},{},{2}},Entries=>{{0,1,2,3,4},{},{5,6}})) # 2

o3 = {| 0 2 3 |, -, | 5 6 |}
      | 1 4 |

o3 : mTableaux

i4 : orderTuples({P1},{P2,P3})

o4 = {{{| 0 1 2 |, -, | 5 6 |}, {| 0 1 3 |, -, | 5 6 |}}, {{| 0 1 2 |, -, | 5
        | 3 4 |                  | 2 4 |                    | 3 4 |          
     ------------------------------------------------------------------------
     6 |}, {| 0 2 3 |, -, | 5 6 |}}}
            | 1 4 |

o4 : List

i5 : 
