-- -*- M2-comint -*- hash: 847497436

i1 : P=makePar {{3,2},{},{2}}

o1 = {Partition{3, 2}, Partition{}, Partition{2}}

o1 : List

i2 : tabFromPar(P)

o2 = {{| 2 3 4 |, -, | 0 1 |}, {| 1 3 4 |, -, | 0 2 |}, {| 0 3 4 |, -, | 1 2
       | 5 6 |                  | 5 6 |                  | 5 6 |            
     ------------------------------------------------------------------------
     |}, {| 1 2 4 |, -, | 0 3 |}, {| 0 2 4 |, -, | 1 3 |}, {| 0 1 4 |, -, | 2
          | 5 6 |                  | 5 6 |                  | 5 6 |          
     ------------------------------------------------------------------------
     3 |}, {| 1 2 3 |, -, | 0 4 |}, {| 0 2 3 |, -, | 1 4 |}, {| 0 1 3 |, -, |
            | 5 6 |                  | 5 6 |                  | 5 6 |        
     ------------------------------------------------------------------------
     2 4 |}, {| 0 1 2 |, -, | 3 4 |}, {| 2 3 5 |, -, | 0 1 |}, {| 1 3 5 |, -,
              | 5 6 |                  | 4 6 |                  | 4 6 |      
     ------------------------------------------------------------------------
     | 0 2 |}, {| 0 3 5 |, -, | 1 2 |}, {| 1 2 5 |, -, | 0 3 |}, {| 0 2 5 |,
                | 4 6 |                  | 4 6 |                  | 4 6 |   
     ------------------------------------------------------------------------
     -, | 1 3 |}, {| 0 1 5 |, -, | 2 3 |}, {| 2 4 5 |, -, | 0 1 |}, {| 1 4 5
                   | 4 6 |                  | 3 6 |                  | 3 6 |
     ------------------------------------------------------------------------
     |, -, | 0 2 |}, {| 0 4 5 |, -, | 1 2 |}, {| 1 4 5 |, -, | 0 3 |}, {| 0 4
                      | 3 6 |                  | 2 6 |                  | 2 6
     ------------------------------------------------------------------------
     5 |, -, | 1 3 |}, {| 0 4 5 |, -, | 2 3 |}, {| 1 2 5 |, -, | 0 4 |}, {| 0
     |                  | 1 6 |                  | 3 6 |                  | 3
     ------------------------------------------------------------------------
     2 5 |, -, | 1 4 |}, {| 0 1 5 |, -, | 2 4 |}, {| 1 3 5 |, -, | 0 4 |}, {|
     6 |                  | 3 6 |                  | 2 6 |                  |
     ------------------------------------------------------------------------
     0 3 5 |, -, | 1 4 |}, {| 0 3 5 |, -, | 2 4 |}, {| 0 1 5 |, -, | 3 4 |},
     2 6 |                  | 1 6 |                  | 2 6 |                
     ------------------------------------------------------------------------
     {| 0 2 5 |, -, | 3 4 |}, {| 1 2 3 |, -, | 0 5 |}, {| 0 2 3 |, -, | 1 5
      | 1 6 |                  | 4 6 |                  | 4 6 |            
     ------------------------------------------------------------------------
     |}, {| 0 1 3 |, -, | 2 5 |}, {| 0 1 2 |, -, | 3 5 |}, {| 1 2 4 |, -, | 0
          | 4 6 |                  | 4 6 |                  | 3 6 |          
     ------------------------------------------------------------------------
     5 |}, {| 0 2 4 |, -, | 1 5 |}, {| 0 1 4 |, -, | 2 5 |}, {| 1 3 4 |, -, |
            | 3 6 |                  | 3 6 |                  | 2 6 |        
     ------------------------------------------------------------------------
     0 5 |}, {| 0 3 4 |, -, | 1 5 |}, {| 0 3 4 |, -, | 2 5 |}, {| 0 1 4 |, -,
              | 2 6 |                  | 1 6 |                  | 2 6 |      
     ------------------------------------------------------------------------
     | 3 5 |}, {| 0 2 4 |, -, | 3 5 |}, {| 0 1 2 |, -, | 4 5 |}, {| 0 1 3 |,
                | 1 6 |                  | 3 6 |                  | 2 6 |   
     ------------------------------------------------------------------------
     -, | 4 5 |}, {| 0 2 3 |, -, | 4 5 |}, {| 2 3 6 |, -, | 0 1 |}, {| 1 3 6
                   | 1 6 |                  | 4 5 |                  | 4 5 |
     ------------------------------------------------------------------------
     |, -, | 0 2 |}, {| 0 3 6 |, -, | 1 2 |}, {| 1 2 6 |, -, | 0 3 |}, {| 0 2
                      | 4 5 |                  | 4 5 |                  | 4 5
     ------------------------------------------------------------------------
     6 |, -, | 1 3 |}, {| 0 1 6 |, -, | 2 3 |}, {| 2 4 6 |, -, | 0 1 |}, {| 1
     |                  | 4 5 |                  | 3 5 |                  | 3
     ------------------------------------------------------------------------
     4 6 |, -, | 0 2 |}, {| 0 4 6 |, -, | 1 2 |}, {| 1 4 6 |, -, | 0 3 |}, {|
     5 |                  | 3 5 |                  | 2 5 |                  |
     ------------------------------------------------------------------------
     0 4 6 |, -, | 1 3 |}, {| 0 4 6 |, -, | 2 3 |}, {| 1 2 6 |, -, | 0 4 |},
     2 5 |                  | 1 5 |                  | 3 5 |                
     ------------------------------------------------------------------------
     {| 0 2 6 |, -, | 1 4 |}, {| 0 1 6 |, -, | 2 4 |}, {| 1 3 6 |, -, | 0 4
      | 3 5 |                  | 3 5 |                  | 2 5 |            
     ------------------------------------------------------------------------
     |}, {| 0 3 6 |, -, | 1 4 |}, {| 0 3 6 |, -, | 2 4 |}, {| 0 1 6 |, -, | 3
          | 2 5 |                  | 1 5 |                  | 2 5 |          
     ------------------------------------------------------------------------
     4 |}, {| 0 2 6 |, -, | 3 4 |}, {| 1 2 6 |, -, | 0 5 |}, {| 0 2 6 |, -, |
            | 1 5 |                  | 3 4 |                  | 3 4 |        
     ------------------------------------------------------------------------
     1 5 |}, {| 0 1 6 |, -, | 2 5 |}, {| 1 3 6 |, -, | 0 5 |}, {| 0 3 6 |, -,
              | 3 4 |                  | 2 4 |                  | 2 4 |      
     ------------------------------------------------------------------------
     | 1 5 |}, {| 0 3 6 |, -, | 2 5 |}, {| 0 1 6 |, -, | 3 5 |}, {| 0 2 6 |,
                | 1 4 |                  | 2 4 |                  | 1 4 |   
     ------------------------------------------------------------------------
     -, | 3 5 |}, {| 0 1 6 |, -, | 4 5 |}, {| 0 2 6 |, -, | 4 5 |}, {| 1 2 3
                   | 2 3 |                  | 1 3 |                  | 4 5 |
     ------------------------------------------------------------------------
     |, -, | 0 6 |}, {| 0 2 3 |, -, | 1 6 |}, {| 0 1 3 |, -, | 2 6 |}, {| 0 1
                      | 4 5 |                  | 4 5 |                  | 4 5
     ------------------------------------------------------------------------
     2 |, -, | 3 6 |}, {| 1 2 4 |, -, | 0 6 |}, {| 0 2 4 |, -, | 1 6 |}, {| 0
     |                  | 3 5 |                  | 3 5 |                  | 3
     ------------------------------------------------------------------------
     1 4 |, -, | 2 6 |}, {| 1 3 4 |, -, | 0 6 |}, {| 0 3 4 |, -, | 1 6 |}, {|
     5 |                  | 2 5 |                  | 2 5 |                  |
     ------------------------------------------------------------------------
     0 3 4 |, -, | 2 6 |}, {| 0 1 4 |, -, | 3 6 |}, {| 0 2 4 |, -, | 3 6 |},
     1 5 |                  | 2 5 |                  | 1 5 |                
     ------------------------------------------------------------------------
     {| 0 1 2 |, -, | 4 6 |}, {| 0 1 3 |, -, | 4 6 |}, {| 0 2 3 |, -, | 4 6
      | 3 5 |                  | 2 5 |                  | 1 5 |            
     ------------------------------------------------------------------------
     |}, {| 1 2 5 |, -, | 0 6 |}, {| 0 2 5 |, -, | 1 6 |}, {| 0 1 5 |, -, | 2
          | 3 4 |                  | 3 4 |                  | 3 4 |          
     ------------------------------------------------------------------------
     6 |}, {| 1 3 5 |, -, | 0 6 |}, {| 0 3 5 |, -, | 1 6 |}, {| 0 3 5 |, -, |
            | 2 4 |                  | 2 4 |                  | 1 4 |        
     ------------------------------------------------------------------------
     2 6 |}, {| 0 1 5 |, -, | 3 6 |}, {| 0 2 5 |, -, | 3 6 |}, {| 0 1 5 |, -,
              | 2 4 |                  | 1 4 |                  | 2 3 |      
     ------------------------------------------------------------------------
     | 4 6 |}, {| 0 2 5 |, -, | 4 6 |}, {| 0 1 2 |, -, | 5 6 |}, {| 0 1 3 |,
                | 1 3 |                  | 3 4 |                  | 2 4 |   
     ------------------------------------------------------------------------
     -, | 5 6 |}, {| 0 2 3 |, -, | 5 6 |}, {| 0 1 4 |, -, | 5 6 |}, {| 0 2 4
                   | 1 4 |                  | 2 3 |                  | 1 3 |
     ------------------------------------------------------------------------
     |, -, | 5 6 |}}

o2 : List

i3 : tabFromPar(P,NST=>true)

o3 = {{| 0 1 2 |, -, | 5 6 |}, {| 0 1 3 |, -, | 5 6 |}, {| 0 2 3 |, -, | 5 6
       | 3 4 |                  | 2 4 |                  | 1 4 |            
     ------------------------------------------------------------------------
     |}, {| 0 1 4 |, -, | 5 6 |}, {| 0 2 4 |, -, | 5 6 |}}
          | 2 3 |                  | 1 3 |

o3 : List

i4 : tabFromPar(P,Entries=>{{0,1,2,3,4},{},{5,6}})

o4 = {{| 0 1 2 |, -, | 5 6 |}, {| 0 1 3 |, -, | 5 6 |}, {| 0 2 3 |, -, | 5 6
       | 3 4 |                  | 2 4 |                  | 1 4 |            
     ------------------------------------------------------------------------
     |}, {| 0 1 4 |, -, | 5 6 |}, {| 0 2 4 |, -, | 5 6 |}}
          | 2 3 |                  | 1 3 |

o4 : List

i5 : 
