-- -*- M2-comint -*- hash: 1664229385

i1 : P=(tabFromPar(makePar{{3,2},{},{2}},Entries=>{{0,1,2,3,4},{},{5,6}})) # 0

o1 = {| 0 1 2 |, -, | 5 6 |}
      | 3 4 |

o1 : mTableaux

i2 : youngSymmetrizer P

o2 = {{1, {0, 1, 2, 3, 4, 5, 6}, {0, 1, 2, 3, 4, 5, 6}}, {-1, {0, 4, 2, 3, 1,
     ------------------------------------------------------------------------
     5, 6}, {0, 1, 2, 3, 4, 5, 6}}, {-1, {3, 1, 2, 0, 4, 5, 6}, {0, 1, 2, 3,
     ------------------------------------------------------------------------
     4, 5, 6}}, {1, {3, 4, 2, 0, 1, 5, 6}, {0, 1, 2, 3, 4, 5, 6}}, {1, {0, 1,
     ------------------------------------------------------------------------
     2, 3, 4, 5, 6}, {0, 1, 2, 3, 4, 6, 5}}, {-1, {0, 4, 2, 3, 1, 5, 6}, {0,
     ------------------------------------------------------------------------
     1, 2, 3, 4, 6, 5}}, {-1, {3, 1, 2, 0, 4, 5, 6}, {0, 1, 2, 3, 4, 6, 5}},
     ------------------------------------------------------------------------
     {1, {3, 4, 2, 0, 1, 5, 6}, {0, 1, 2, 3, 4, 6, 5}}, {1, {0, 1, 2, 3, 4,
     ------------------------------------------------------------------------
     5, 6}, {0, 1, 2, 4, 3, 5, 6}}, {-1, {0, 4, 2, 3, 1, 5, 6}, {0, 1, 2, 4,
     ------------------------------------------------------------------------
     3, 5, 6}}, {-1, {3, 1, 2, 0, 4, 5, 6}, {0, 1, 2, 4, 3, 5, 6}}, {1, {3,
     ------------------------------------------------------------------------
     4, 2, 0, 1, 5, 6}, {0, 1, 2, 4, 3, 5, 6}}, {1, {0, 1, 2, 3, 4, 5, 6},
     ------------------------------------------------------------------------
     {0, 1, 2, 4, 3, 6, 5}}, {-1, {0, 4, 2, 3, 1, 5, 6}, {0, 1, 2, 4, 3, 6,
     ------------------------------------------------------------------------
     5}}, {-1, {3, 1, 2, 0, 4, 5, 6}, {0, 1, 2, 4, 3, 6, 5}}, {1, {3, 4, 2,
     ------------------------------------------------------------------------
     0, 1, 5, 6}, {0, 1, 2, 4, 3, 6, 5}}, {1, {0, 1, 2, 3, 4, 5, 6}, {0, 2,
     ------------------------------------------------------------------------
     1, 3, 4, 5, 6}}, {-1, {0, 4, 2, 3, 1, 5, 6}, {0, 2, 1, 3, 4, 5, 6}},
     ------------------------------------------------------------------------
     {-1, {3, 1, 2, 0, 4, 5, 6}, {0, 2, 1, 3, 4, 5, 6}}, {1, {3, 4, 2, 0, 1,
     ------------------------------------------------------------------------
     5, 6}, {0, 2, 1, 3, 4, 5, 6}}, {1, {0, 1, 2, 3, 4, 5, 6}, {0, 2, 1, 3,
     ------------------------------------------------------------------------
     4, 6, 5}}, {-1, {0, 4, 2, 3, 1, 5, 6}, {0, 2, 1, 3, 4, 6, 5}}, {-1, {3,
     ------------------------------------------------------------------------
     1, 2, 0, 4, 5, 6}, {0, 2, 1, 3, 4, 6, 5}}, {1, {3, 4, 2, 0, 1, 5, 6},
     ------------------------------------------------------------------------
     {0, 2, 1, 3, 4, 6, 5}}, {1, {0, 1, 2, 3, 4, 5, 6}, {0, 2, 1, 4, 3, 5,
     ------------------------------------------------------------------------
     6}}, {-1, {0, 4, 2, 3, 1, 5, 6}, {0, 2, 1, 4, 3, 5, 6}}, {-1, {3, 1, 2,
     ------------------------------------------------------------------------
     0, 4, 5, 6}, {0, 2, 1, 4, 3, 5, 6}}, {1, {3, 4, 2, 0, 1, 5, 6}, {0, 2,
     ------------------------------------------------------------------------
     1, 4, 3, 5, 6}}, {1, {0, 1, 2, 3, 4, 5, 6}, {0, 2, 1, 4, 3, 6, 5}}, {-1,
     ------------------------------------------------------------------------
     {0, 4, 2, 3, 1, 5, 6}, {0, 2, 1, 4, 3, 6, 5}}, {-1, {3, 1, 2, 0, 4, 5,
     ------------------------------------------------------------------------
     6}, {0, 2, 1, 4, 3, 6, 5}}, {1, {3, 4, 2, 0, 1, 5, 6}, {0, 2, 1, 4, 3,
     ------------------------------------------------------------------------
     6, 5}}, {1, {0, 1, 2, 3, 4, 5, 6}, {1, 0, 2, 3, 4, 5, 6}}, {-1, {0, 4,
     ------------------------------------------------------------------------
     2, 3, 1, 5, 6}, {1, 0, 2, 3, 4, 5, 6}}, {-1, {3, 1, 2, 0, 4, 5, 6}, {1,
     ------------------------------------------------------------------------
     0, 2, 3, 4, 5, 6}}, {1, {3, 4, 2, 0, 1, 5, 6}, {1, 0, 2, 3, 4, 5, 6}},
     ------------------------------------------------------------------------
     {1, {0, 1, 2, 3, 4, 5, 6}, {1, 0, 2, 3, 4, 6, 5}}, {-1, {0, 4, 2, 3, 1,
     ------------------------------------------------------------------------
     5, 6}, {1, 0, 2, 3, 4, 6, 5}}, {-1, {3, 1, 2, 0, 4, 5, 6}, {1, 0, 2, 3,
     ------------------------------------------------------------------------
     4, 6, 5}}, {1, {3, 4, 2, 0, 1, 5, 6}, {1, 0, 2, 3, 4, 6, 5}}, {1, {0, 1,
     ------------------------------------------------------------------------
     2, 3, 4, 5, 6}, {1, 0, 2, 4, 3, 5, 6}}, {-1, {0, 4, 2, 3, 1, 5, 6}, {1,
     ------------------------------------------------------------------------
     0, 2, 4, 3, 5, 6}}, {-1, {3, 1, 2, 0, 4, 5, 6}, {1, 0, 2, 4, 3, 5, 6}},
     ------------------------------------------------------------------------
     {1, {3, 4, 2, 0, 1, 5, 6}, {1, 0, 2, 4, 3, 5, 6}}, {1, {0, 1, 2, 3, 4,
     ------------------------------------------------------------------------
     5, 6}, {1, 0, 2, 4, 3, 6, 5}}, {-1, {0, 4, 2, 3, 1, 5, 6}, {1, 0, 2, 4,
     ------------------------------------------------------------------------
     3, 6, 5}}, {-1, {3, 1, 2, 0, 4, 5, 6}, {1, 0, 2, 4, 3, 6, 5}}, {1, {3,
     ------------------------------------------------------------------------
     4, 2, 0, 1, 5, 6}, {1, 0, 2, 4, 3, 6, 5}}, {1, {0, 1, 2, 3, 4, 5, 6},
     ------------------------------------------------------------------------
     {1, 2, 0, 3, 4, 5, 6}}, {-1, {0, 4, 2, 3, 1, 5, 6}, {1, 2, 0, 3, 4, 5,
     ------------------------------------------------------------------------
     6}}, {-1, {3, 1, 2, 0, 4, 5, 6}, {1, 2, 0, 3, 4, 5, 6}}, {1, {3, 4, 2,
     ------------------------------------------------------------------------
     0, 1, 5, 6}, {1, 2, 0, 3, 4, 5, 6}}, {1, {0, 1, 2, 3, 4, 5, 6}, {1, 2,
     ------------------------------------------------------------------------
     0, 3, 4, 6, 5}}, {-1, {0, 4, 2, 3, 1, 5, 6}, {1, 2, 0, 3, 4, 6, 5}},
     ------------------------------------------------------------------------
     {-1, {3, 1, 2, 0, 4, 5, 6}, {1, 2, 0, 3, 4, 6, 5}}, {1, {3, 4, 2, 0, 1,
     ------------------------------------------------------------------------
     5, 6}, {1, 2, 0, 3, 4, 6, 5}}, {1, {0, 1, 2, 3, 4, 5, 6}, {1, 2, 0, 4,
     ------------------------------------------------------------------------
     3, 5, 6}}, {-1, {0, 4, 2, 3, 1, 5, 6}, {1, 2, 0, 4, 3, 5, 6}}, {-1, {3,
     ------------------------------------------------------------------------
     1, 2, 0, 4, 5, 6}, {1, 2, 0, 4, 3, 5, 6}}, {1, {3, 4, 2, 0, 1, 5, 6},
     ------------------------------------------------------------------------
     {1, 2, 0, 4, 3, 5, 6}}, {1, {0, 1, 2, 3, 4, 5, 6}, {1, 2, 0, 4, 3, 6,
     ------------------------------------------------------------------------
     5}}, {-1, {0, 4, 2, 3, 1, 5, 6}, {1, 2, 0, 4, 3, 6, 5}}, {-1, {3, 1, 2,
     ------------------------------------------------------------------------
     0, 4, 5, 6}, {1, 2, 0, 4, 3, 6, 5}}, {1, {3, 4, 2, 0, 1, 5, 6}, {1, 2,
     ------------------------------------------------------------------------
     0, 4, 3, 6, 5}}, {1, {0, 1, 2, 3, 4, 5, 6}, {2, 0, 1, 3, 4, 5, 6}}, {-1,
     ------------------------------------------------------------------------
     {0, 4, 2, 3, 1, 5, 6}, {2, 0, 1, 3, 4, 5, 6}}, {-1, {3, 1, 2, 0, 4, 5,
     ------------------------------------------------------------------------
     6}, {2, 0, 1, 3, 4, 5, 6}}, {1, {3, 4, 2, 0, 1, 5, 6}, {2, 0, 1, 3, 4,
     ------------------------------------------------------------------------
     5, 6}}, {1, {0, 1, 2, 3, 4, 5, 6}, {2, 0, 1, 3, 4, 6, 5}}, {-1, {0, 4,
     ------------------------------------------------------------------------
     2, 3, 1, 5, 6}, {2, 0, 1, 3, 4, 6, 5}}, {-1, {3, 1, 2, 0, 4, 5, 6}, {2,
     ------------------------------------------------------------------------
     0, 1, 3, 4, 6, 5}}, {1, {3, 4, 2, 0, 1, 5, 6}, {2, 0, 1, 3, 4, 6, 5}},
     ------------------------------------------------------------------------
     {1, {0, 1, 2, 3, 4, 5, 6}, {2, 0, 1, 4, 3, 5, 6}}, {-1, {0, 4, 2, 3, 1,
     ------------------------------------------------------------------------
     5, 6}, {2, 0, 1, 4, 3, 5, 6}}, {-1, {3, 1, 2, 0, 4, 5, 6}, {2, 0, 1, 4,
     ------------------------------------------------------------------------
     3, 5, 6}}, {1, {3, 4, 2, 0, 1, 5, 6}, {2, 0, 1, 4, 3, 5, 6}}, {1, {0, 1,
     ------------------------------------------------------------------------
     2, 3, 4, 5, 6}, {2, 0, 1, 4, 3, 6, 5}}, {-1, {0, 4, 2, 3, 1, 5, 6}, {2,
     ------------------------------------------------------------------------
     0, 1, 4, 3, 6, 5}}, {-1, {3, 1, 2, 0, 4, 5, 6}, {2, 0, 1, 4, 3, 6, 5}},
     ------------------------------------------------------------------------
     {1, {3, 4, 2, 0, 1, 5, 6}, {2, 0, 1, 4, 3, 6, 5}}, {1, {0, 1, 2, 3, 4,
     ------------------------------------------------------------------------
     5, 6}, {2, 1, 0, 3, 4, 5, 6}}, {-1, {0, 4, 2, 3, 1, 5, 6}, {2, 1, 0, 3,
     ------------------------------------------------------------------------
     4, 5, 6}}, {-1, {3, 1, 2, 0, 4, 5, 6}, {2, 1, 0, 3, 4, 5, 6}}, {1, {3,
     ------------------------------------------------------------------------
     4, 2, 0, 1, 5, 6}, {2, 1, 0, 3, 4, 5, 6}}, {1, {0, 1, 2, 3, 4, 5, 6},
     ------------------------------------------------------------------------
     {2, 1, 0, 3, 4, 6, 5}}, {-1, {0, 4, 2, 3, 1, 5, 6}, {2, 1, 0, 3, 4, 6,
     ------------------------------------------------------------------------
     5}}, {-1, {3, 1, 2, 0, 4, 5, 6}, {2, 1, 0, 3, 4, 6, 5}}, {1, {3, 4, 2,
     ------------------------------------------------------------------------
     0, 1, 5, 6}, {2, 1, 0, 3, 4, 6, 5}}, {1, {0, 1, 2, 3, 4, 5, 6}, {2, 1,
     ------------------------------------------------------------------------
     0, 4, 3, 5, 6}}, {-1, {0, 4, 2, 3, 1, 5, 6}, {2, 1, 0, 4, 3, 5, 6}},
     ------------------------------------------------------------------------
     {-1, {3, 1, 2, 0, 4, 5, 6}, {2, 1, 0, 4, 3, 5, 6}}, {1, {3, 4, 2, 0, 1,
     ------------------------------------------------------------------------
     5, 6}, {2, 1, 0, 4, 3, 5, 6}}, {1, {0, 1, 2, 3, 4, 5, 6}, {2, 1, 0, 4,
     ------------------------------------------------------------------------
     3, 6, 5}}, {-1, {0, 4, 2, 3, 1, 5, 6}, {2, 1, 0, 4, 3, 6, 5}}, {-1, {3,
     ------------------------------------------------------------------------
     1, 2, 0, 4, 5, 6}, {2, 1, 0, 4, 3, 6, 5}}, {1, {3, 4, 2, 0, 1, 5, 6},
     ------------------------------------------------------------------------
     {2, 1, 0, 4, 3, 6, 5}}}

o2 : List

i3 : 
